<?xml version="1.0" encoding="UTF-8"?>
<testsuite name="chambre.weather.CurrentWeatherTest" tests="1" skipped="0" failures="0" errors="0" timestamp="2023-05-07T17:44:20" hostname="DESKTOP-ID4TL0U" time="0.885">
  <properties/>
  <testcase name="getFiveDayForecast()" classname="chambre.weather.CurrentWeatherTest" time="0.885"/>
  <system-out><![CDATA[]]></system-out>
  <system-err><![CDATA[]]></system-err>
</testsuite>
